<?xml version="1.0" encoding="UTF-8"?>
<coverage generated="1673860413025" clover="3.2.0">
  <project timestamp="1673860413026" name="All files">
    <metrics statements="20" coveredstatements="20" conditionals="18" coveredconditionals="18" methods="4" coveredmethods="3" elements="42" coveredelements="41" complexity="0" loc="20" ncloc="20" packages="1" files="1" classes="1"/>
    <file name="MathBasic.js" path="C:\Satria\Back-end\Belajar\math-api\src\MathBasic.js">
      <metrics statements="20" coveredstatements="20" conditionals="18" coveredconditionals="18" methods="4" coveredmethods="3"/>
      <line num="1" count="1" type="stmt"/>
      <line num="3" count="10" type="cond" truecount="2" falsecount="0"/>
      <line num="4" count="4" type="stmt"/>
      <line num="7" count="6" type="stmt"/>
      <line num="9" count="6" type="cond" truecount="4" falsecount="0"/>
      <line num="10" count="3" type="stmt"/>
      <line num="12" count="3" type="stmt"/>
      <line num="15" count="10" type="cond" truecount="2" falsecount="0"/>
      <line num="16" count="4" type="stmt"/>
      <line num="19" count="6" type="stmt"/>
      <line num="21" count="6" type="cond" truecount="4" falsecount="0"/>
      <line num="22" count="3" type="stmt"/>
      <line num="24" count="3" type="stmt"/>
      <line num="27" count="10" type="cond" truecount="2" falsecount="0"/>
      <line num="28" count="4" type="stmt"/>
      <line num="31" count="6" type="stmt"/>
      <line num="33" count="6" type="cond" truecount="4" falsecount="0"/>
      <line num="34" count="3" type="stmt"/>
      <line num="36" count="3" type="stmt"/>
      <line num="41" count="1" type="stmt"/>
    </file>
  </project>
</coverage>
