{"C:\\Satria\\Back-end\\Belajar\\math-api\\src\\MathBasic.js": {"path":"C:\\Satria\\Back-end\\Belajar\\math-api\\src\\MathBasic.js","statementMap":{"0":{"start":{"line":1,"column":18},"end":{"line":30,"column":1}},"1":{"start":{"line":3,"column":2},"end":{"line":5,"column":3}},"2":{"start":{"line":4,"column":3},"end":{"line":4,"column":58}},"3":{"start":{"line":7,"column":17},"end":{"line":7,"column":21}},"4":{"start":{"line":9,"column":2},"end":{"line":11,"column":3}},"5":{"start":{"line":10,"column":3},"end":{"line":10,"column":61}},"6":{"start":{"line":12,"column":2},"end":{"line":12,"column":14}},"7":{"start":{"line":15,"column":17},"end":{"line":15,"column":41}},"8":{"start":{"line":16,"column":2},"end":{"line":16,"column":15}},"9":{"start":{"line":19,"column":17},"end":{"line":19,"column":41}},"10":{"start":{"line":20,"column":2},"end":{"line":20,"column":15}},"11":{"start":{"line":23,"column":17},"end":{"line":23,"column":41}},"12":{"start":{"line":24,"column":2},"end":{"line":24,"column":15}},"13":{"start":{"line":27,"column":17},"end":{"line":27,"column":41}},"14":{"start":{"line":28,"column":2},"end":{"line":28,"column":15}},"15":{"start":{"line":32,"column":0},"end":{"line":32,"column":27}}},"fnMap":{"0":{"name":"(anonymous_0)","decl":{"start":{"line":2,"column":1},"end":{"line":2,"column":2}},"loc":{"start":{"line":2,"column":21},"end":{"line":13,"column":2}},"line":2},"1":{"name":"(anonymous_1)","decl":{"start":{"line":14,"column":1},"end":{"line":14,"column":2}},"loc":{"start":{"line":14,"column":14},"end":{"line":17,"column":2}},"line":14},"2":{"name":"(anonymous_2)","decl":{"start":{"line":18,"column":1},"end":{"line":18,"column":2}},"loc":{"start":{"line":18,"column":19},"end":{"line":21,"column":2}},"line":18},"3":{"name":"(anonymous_3)","decl":{"start":{"line":22,"column":1},"end":{"line":22,"column":2}},"loc":{"start":{"line":22,"column":19},"end":{"line":25,"column":2}},"line":22},"4":{"name":"(anonymous_4)","decl":{"start":{"line":26,"column":1},"end":{"line":26,"column":2}},"loc":{"start":{"line":26,"column":17},"end":{"line":29,"column":2}},"line":26}},"branchMap":{"0":{"loc":{"start":{"line":3,"column":2},"end":{"line":5,"column":3}},"type":"if","locations":[{"start":{"line":3,"column":2},"end":{"line":5,"column":3}},{"start":{},"end":{}}],"line":3},"1":{"loc":{"start":{"line":9,"column":2},"end":{"line":11,"column":3}},"type":"if","locations":[{"start":{"line":9,"column":2},"end":{"line":11,"column":3}},{"start":{},"end":{}}],"line":9},"2":{"loc":{"start":{"line":9,"column":6},"end":{"line":9,"column":52}},"type":"binary-expr","locations":[{"start":{"line":9,"column":6},"end":{"line":9,"column":27}},{"start":{"line":9,"column":31},"end":{"line":9,"column":52}}],"line":9}},"s":{"0":1,"1":40,"2":16,"3":24,"4":24,"5":12,"6":12,"7":10,"8":3,"9":10,"10":3,"11":10,"12":3,"13":10,"14":3,"15":1},"f":{"0":40,"1":10,"2":10,"3":10,"4":10},"b":{"0":[16,24],"1":[12,12],"2":[24,12]},"_coverageSchema":"1a1c01bbd47fc00a2c39e90264f33305004495a9","hash":"277066d0abd6e9ce3cf7181f4c771f0cee055ff3"}
}
