TN:
SF:src\MathBasic.js
FN:2,(anonymous_0)
FN:14,(anonymous_1)
FN:26,(anonymous_2)
FN:38,(anonymous_3)
FNF:4
FNH:3
FNDA:10,(anonymous_0)
FNDA:10,(anonymous_1)
FNDA:10,(anonymous_2)
FNDA:0,(anonymous_3)
DA:1,1
DA:3,10
DA:4,4
DA:7,6
DA:9,6
DA:10,3
DA:12,3
DA:15,10
DA:16,4
DA:19,6
DA:21,6
DA:22,3
DA:24,3
DA:27,10
DA:28,4
DA:31,6
DA:33,6
DA:34,3
DA:36,3
DA:41,1
LF:20
LH:20
BRDA:3,0,0,4
BRDA:3,0,1,6
BRDA:9,1,0,3
BRDA:9,1,1,3
BRDA:9,2,0,6
BRDA:9,2,1,3
BRDA:15,3,0,4
BRDA:15,3,1,6
BRDA:21,4,0,3
BRDA:21,4,1,3
BRDA:21,5,0,6
BRDA:21,5,1,3
BRDA:27,6,0,4
BRDA:27,6,1,6
BRDA:33,7,0,3
BRDA:33,7,1,3
BRDA:33,8,0,6
BRDA:33,8,1,3
BRF:18
BRH:18
end_of_record
